# JRE version: Java(TM) SE Runtime Environment (8.0_261-b12) (build 1.8.0_261-b12)
# Java VM: Java HotSpot(TM) 64-Bit Server VM (25.261-b12 mixed mode windows-amd64 compressed oops)
Heap:
 PSYoungGen      total 1320448K, used 1086660K [0x000000076b900000, 0x00000007c0000000, 0x00000007c0000000)
  eden space 1270784K, 82% used [0x000000076b900000,0x00000007ab776670,0x00000007b9200000)
  from space 49664K, 79% used [0x00000007bcf80000,0x00000007bf63ab48,0x00000007c0000000)
  to   space 56320K, 0% used [0x00000007b9200000,0x00000007b9200000,0x00000007bc900000)
 ParOldGen       total 373760K, used 122680K [0x00000006c2a00000, 0x00000006d9700000, 0x000000076b900000)
  object space 373760K, 32% used [0x00000006c2a00000,0x00000006ca1ce120,0x00000006d9700000)
 Metaspace       used 62234K, capacity 65090K, committed 65240K, reserved 1105920K
  class space    used 7814K, capacity 8879K, committed 8960K, reserved 1048576K
GC Heap History (10 events):
Event: 122.033 GC heap before
{Heap before GC invocations=29 (full 3):
 PSYoungGen      total 1320448K, used 1264704K [0x000000076b900000, 0x00000007c0000000, 0x00000007c0000000)
  eden space 1264128K, 100% used [0x000000076b900000,0x00000007b8b80000,0x00000007b8b80000)
  from space 56320K, 1% used [0x00000007b8b80000,0x00000007b8c10000,0x00000007bc280000)
  to   space 54272K, 0% used [0x00000007bcb00000,0x00000007bcb00000,0x00000007c0000000)
 ParOldGen       total 373760K, used 110345K [0x00000006c2a00000, 0x00000006d9700000, 0x000000076b900000)
  object space 373760K, 29% used [0x00000006c2a00000,0x00000006c95c2698,0x00000006d9700000)
 Metaspace       used 48962K, capacity 51400K, committed 51672K, reserved 1093632K
  class space    used 6146K, capacity 7147K, committed 7168K, reserved 1048576K
Event: 122.035 GC heap after
Heap after GC invocations=29 (full 3):
 PSYoungGen      total 1320960K, used 2269K [0x000000076b900000, 0x00000007bfa00000, 0x00000007c0000000)
  eden space 1272832K, 0% used [0x000000076b900000,0x000000076b900000,0x00000007b9400000)
  from space 48128K, 4% used [0x00000007bcb00000,0x00000007bcd375c8,0x00000007bfa00000)
  to   space 52224K, 0% used [0x00000007b9400000,0x00000007b9400000,0x00000007bc700000)
 ParOldGen       total 373760K, used 110369K [0x00000006c2a00000, 0x00000006d9700000, 0x000000076b900000)
  object space 373760K, 29% used [0x00000006c2a00000,0x00000006c95c8698,0x00000006d9700000)
 Metaspace       used 48962K, capacity 51400K, committed 51672K, reserved 1093632K
  class space    used 6146K, capacity 7147K, committed 7168K, reserved 1048576K
}
Event: 122.079 GC heap before
{Heap before GC invocations=30 (full 3):
 PSYoungGen      total 1320960K, used 1275101K [0x000000076b900000, 0x00000007bfa00000, 0x00000007c0000000)
  eden space 1272832K, 100% used [0x000000076b900000,0x00000007b9400000,0x00000007b9400000)
  from space 48128K, 4% used [0x00000007bcb00000,0x00000007bcd375c8,0x00000007bfa00000)
  to   space 52224K, 0% used [0x00000007b9400000,0x00000007b9400000,0x00000007bc700000)
 ParOldGen       total 373760K, used 110369K [0x00000006c2a00000, 0x00000006d9700000, 0x000000076b900000)
  object space 373760K, 29% used [0x00000006c2a00000,0x00000006c95c8698,0x00000006d9700000)
 Metaspace       used 48962K, capacity 51400K, committed 51672K, reserved 1093632K
  class space    used 6146K, capacity 7147K, committed 7168K, reserved 1048576K
Event: 122.081 GC heap after
Heap after GC invocations=30 (full 3):
 PSYoungGen      total 1325056K, used 544K [0x000000076b900000, 0x00000007bff00000, 0x00000007c0000000)
  eden space 1272832K, 0% used [0x000000076b900000,0x000000076b900000,0x00000007b9400000)
  from space 52224K, 1% used [0x00000007b9400000,0x00000007b9488000,0x00000007bc700000)
  to   space 49664K, 0% used [0x00000007bce80000,0x00000007bce80000,0x00000007bff00000)
 ParOldGen       total 373760K, used 112104K [0x00000006c2a00000, 0x00000006d9700000, 0x000000076b900000)
  object space 373760K, 29% used [0x00000006c2a00000,0x00000006c977a3e0,0x00000006d9700000)
 Metaspace       used 48962K, capacity 51400K, committed 51672K, reserved 1093632K
  class space    used 6146K, capacity 7147K, committed 7168K, reserved 1048576K
}
Event: 122.127 GC heap before
{Heap before GC invocations=31 (full 3):
 PSYoungGen      total 1325056K, used 1273376K [0x000000076b900000, 0x00000007bff00000, 0x00000007c0000000)
  eden space 1272832K, 100% used [0x000000076b900000,0x00000007b9400000,0x00000007b9400000)
  from space 52224K, 1% used [0x00000007b9400000,0x00000007b9488000,0x00000007bc700000)
  to   space 49664K, 0% used [0x00000007bce80000,0x00000007bce80000,0x00000007bff00000)
 ParOldGen       total 373760K, used 112104K [0x00000006c2a00000, 0x00000006d9700000, 0x000000076b900000)
  object space 373760K, 29% used [0x00000006c2a00000,0x00000006c977a3e0,0x00000006d9700000)
 Metaspace       used 48962K, capacity 51400K, committed 51672K, reserved 1093632K
  class space    used 6146K, capacity 7147K, committed 7168K, reserved 1048576K
Event: 122.129 GC heap after
Heap after GC invocations=31 (full 3):
 PSYoungGen      total 1325568K, used 512K [0x000000076b900000, 0x00000007bf980000, 0x00000007c0000000)
  eden space 1281536K, 0% used [0x000000076b900000,0x000000076b900000,0x00000007b9c80000)
  from space 44032K, 1% used [0x00000007bce80000,0x00000007bcf00000,0x00000007bf980000)
  to   space 47616K, 0% used [0x00000007b9c80000,0x00000007b9c80000,0x00000007bcb00000)
 ParOldGen       total 373760K, used 112120K [0x00000006c2a00000, 0x00000006d9700000, 0x000000076b900000)
  object space 373760K, 29% used [0x00000006c2a00000,0x00000006c977e3e0,0x00000006d9700000)
 Metaspace       used 48962K, capacity 51400K, committed 51672K, reserved 1093632K
  class space    used 6146K, capacity 7147K, committed 7168K, reserved 1048576K
}
Event: 147.704 GC heap before
{Heap before GC invocations=32 (full 3):
 PSYoungGen      total 1325568K, used 1271652K [0x000000076b900000, 0x00000007bf980000, 0x00000007c0000000)
  eden space 1281536K, 99% used [0x000000076b900000,0x00000007b9259038,0x00000007b9c80000)
  from space 44032K, 1% used [0x00000007bce80000,0x00000007bcf00000,0x00000007bf980000)
  to   space 47616K, 0% used [0x00000007b9c80000,0x00000007b9c80000,0x00000007bcb00000)
 ParOldGen       total 373760K, used 112120K [0x00000006c2a00000, 0x00000006d9700000, 0x000000076b900000)
  object space 373760K, 29% used [0x00000006c2a00000,0x00000006c977e3e0,0x00000006d9700000)
 Metaspace       used 54844K, capacity 57398K, committed 57816K, reserved 1099776K
  class space    used 6821K, capacity 7826K, committed 7936K, reserved 1048576K
Event: 147.710 GC heap after
Heap after GC invocations=32 (full 3):
 PSYoungGen      total 1329152K, used 25473K [0x000000076b900000, 0x00000007c0000000, 0x00000007c0000000)
  eden space 1281536K, 0% used [0x000000076b900000,0x000000076b900000,0x00000007b9c80000)
  from space 47616K, 53% used [0x00000007b9c80000,0x00000007bb560700,0x00000007bcb00000)
  to   space 49664K, 0% used [0x00000007bcf80000,0x00000007bcf80000,0x00000007c0000000)
 ParOldGen       total 373760K, used 112160K [0x00000006c2a00000, 0x00000006d9700000, 0x000000076b900000)
  object space 373760K, 30% used [0x00000006c2a00000,0x00000006c97883e0,0x00000006d9700000)
 Metaspace       used 54844K, capacity 57398K, committed 57816K, reserved 1099776K
  class space    used 6821K, capacity 7826K, committed 7936K, reserved 1048576K
}
Event: 159.692 GC heap before
{Heap before GC invocations=33 (full 3):
 PSYoungGen      total 1329152K, used 1307009K [0x000000076b900000, 0x00000007c0000000, 0x00000007c0000000)
  eden space 1281536K, 100% used [0x000000076b900000,0x00000007b9c80000,0x00000007b9c80000)
  from space 47616K, 53% used [0x00000007b9c80000,0x00000007bb560700,0x00000007bcb00000)
  to   space 49664K, 0% used [0x00000007bcf80000,0x00000007bcf80000,0x00000007c0000000)
 ParOldGen       total 373760K, used 112160K [0x00000006c2a00000, 0x00000006d9700000, 0x000000076b900000)
  object space 373760K, 30% used [0x00000006c2a00000,0x00000006c97883e0,0x00000006d9700000)
 Metaspace       used 58885K, capacity 61648K, committed 61784K, reserved 1103872K
  class space    used 7224K, capacity 8265K, committed 8320K, reserved 1048576K
Event: 159.707 GC heap after
Heap after GC invocations=33 (full 3):
 PSYoungGen      total 1320448K, used 39658K [0x000000076b900000, 0x00000007c0000000, 0x00000007c0000000)
  eden space 1270784K, 0% used [0x000000076b900000,0x000000076b900000,0x00000007b9200000)
  from space 49664K, 79% used [0x00000007bcf80000,0x00000007bf63ab48,0x00000007c0000000)
  to   space 56320K, 0% used [0x00000007b9200000,0x00000007b9200000,0x00000007bc900000)
 ParOldGen       total 373760K, used 122680K [0x00000006c2a00000, 0x00000006d9700000, 0x000000076b900000)
  object space 373760K, 32% used [0x00000006c2a00000,0x00000006ca1ce120,0x00000006d9700000)
 Metaspace       used 58885K, capacity 61648K, committed 61784K, reserved 1103872K
  class space    used 7224K, capacity 8265K, committed 8320K, reserved 1048576K
}

